<?xml version="1.0" encoding="UTF-8"?>
<testsuite name="com.codeZero.photoMap.PhotoMapApplicationTests" tests="1" skipped="0" failures="0" errors="0" timestamp="2024-10-19T11:38:26" hostname="DESKTOP-L80KGTE" time="0.637">
  <properties/>
  <testcase name="contextLoads()" classname="com.codeZero.photoMap.PhotoMapApplicationTests" time="0.637"/>
  <system-out><![CDATA[20:38:22.371 [Test worker] INFO org.springframework.test.context.support.AnnotationConfigContextLoaderUtils -- Could not detect default configuration classes for test class [com.codeZero.photoMap.PhotoMapApplicationTests]: PhotoMapApplicationTests does not declare any static, non-private, non-final, nested classes annotated with @Configuration.
20:38:22.467 [Test worker] INFO org.springframework.boot.test.context.SpringBootTestContextBootstrapper -- Found @SpringBootConfiguration com.codeZero.photoMap.PhotoMapApplication for test class com.codeZero.photoMap.PhotoMapApplicationTests

  .   ____          _            __ _ _
 /\\ / ___'_ __ _ _(_)_ __  __ _ \ \ \ \
( ( )\___ | '_ | '_| | '_ \/ _` | \ \ \ \
 \\/  ___)| |_)| | | | | || (_| |  ) ) ) )
  '  |____| .__|_| |_|_| |_\__, | / / / /
 =========|_|==============|___/=/_/_/_/

 :: Spring Boot ::                (v3.3.4)

2024-10-19T20:38:22.993+09:00  INFO 48040 --- [photoMap] [    Test worker] c.c.photoMap.PhotoMapApplicationTests    : Starting PhotoMapApplicationTests using Java 21.0.4 with PID 48040 (started by KangDongwan in D:\KangDongwan\Groom\Final\photoMap\backend\photoMap)
2024-10-19T20:38:22.996+09:00  INFO 48040 --- [photoMap] [    Test worker] c.c.photoMap.PhotoMapApplicationTests    : No active profile set, falling back to 1 default profile: "default"
2024-10-19T20:38:23.637+09:00  INFO 48040 --- [photoMap] [    Test worker] .s.d.r.c.RepositoryConfigurationDelegate : Bootstrapping Spring Data JPA repositories in DEFAULT mode.
2024-10-19T20:38:23.717+09:00  INFO 48040 --- [photoMap] [    Test worker] .s.d.r.c.RepositoryConfigurationDelegate : Finished Spring Data repository scanning in 40 ms. Found 0 JPA repository interfaces.
2024-10-19T20:38:24.596+09:00  INFO 48040 --- [photoMap] [    Test worker] com.zaxxer.hikari.HikariDataSource       : HikariPool-1 - Starting...
2024-10-19T20:38:24.897+09:00  INFO 48040 --- [photoMap] [    Test worker] com.zaxxer.hikari.pool.HikariPool        : HikariPool-1 - Added connection conn0: url=jdbc:h2:mem:612cdc43-bc21-4032-8c93-56c6102d9e4b user=SA
2024-10-19T20:38:24.898+09:00  INFO 48040 --- [photoMap] [    Test worker] com.zaxxer.hikari.HikariDataSource       : HikariPool-1 - Start completed.
2024-10-19T20:38:24.957+09:00  INFO 48040 --- [photoMap] [    Test worker] o.hibernate.jpa.internal.util.LogHelper  : HHH000204: Processing PersistenceUnitInfo [name: default]
2024-10-19T20:38:25.021+09:00  INFO 48040 --- [photoMap] [    Test worker] org.hibernate.Version                    : HHH000412: Hibernate ORM core version 6.5.3.Final
2024-10-19T20:38:25.059+09:00  INFO 48040 --- [photoMap] [    Test worker] o.h.c.internal.RegionFactoryInitiator    : HHH000026: Second-level cache disabled
2024-10-19T20:38:25.390+09:00  INFO 48040 --- [photoMap] [    Test worker] o.s.o.j.p.SpringPersistenceUnitInfo      : No LoadTimeWeaver setup: ignoring JPA class transformer
2024-10-19T20:38:25.761+09:00  INFO 48040 --- [photoMap] [    Test worker] o.h.e.t.j.p.i.JtaPlatformInitiator       : HHH000489: No JTA platform available (set 'hibernate.transaction.jta.platform' to enable JTA platform integration)
2024-10-19T20:38:25.765+09:00  INFO 48040 --- [photoMap] [    Test worker] j.LocalContainerEntityManagerFactoryBean : Initialized JPA EntityManagerFactory for persistence unit 'default'
2024-10-19T20:38:25.993+09:00  WARN 48040 --- [photoMap] [    Test worker] JpaBaseConfiguration$JpaWebConfiguration : spring.jpa.open-in-view is enabled by default. Therefore, database queries may be performed during view rendering. Explicitly configure spring.jpa.open-in-view to disable this warning
2024-10-19T20:38:26.399+09:00  INFO 48040 --- [photoMap] [    Test worker] c.c.photoMap.PhotoMapApplicationTests    : Started PhotoMapApplicationTests in 3.76 seconds (process running for 5.124)
]]></system-out>
  <system-err><![CDATA[WARNING: A Java agent has been loaded dynamically (C:\Users\KangDongwan\.gradle\caches\modules-2\files-2.1\net.bytebuddy\byte-buddy-agent\1.14.19\154da3a65b4f4a909d3e5bdec55d1b2b4cbb6ce1\byte-buddy-agent-1.14.19.jar)
WARNING: If a serviceability tool is in use, please run with -XX:+EnableDynamicAgentLoading to hide this warning
WARNING: If a serviceability tool is not in use, please run with -Djdk.instrument.traceUsage for more information
WARNING: Dynamic loading of agents will be disallowed by default in a future release
]]></system-err>
</testsuite>
