<?xml version="1.0" encoding="UTF-8"?>
<testsuite name="com.codeZero.photoMap.PhotoMapApplicationTests" tests="1" skipped="0" failures="0" errors="0" timestamp="2024-10-21T02:34:24" hostname="LAPTOP-J5OSQ60V" time="1.762">
  <properties/>
  <testcase name="contextLoads()" classname="com.codeZero.photoMap.PhotoMapApplicationTests" time="1.762"/>
  <system-out><![CDATA[11:34:17.298 [Test worker] INFO org.springframework.test.context.support.AnnotationConfigContextLoaderUtils -- Could not detect default configuration classes for test class [com.codeZero.photoMap.PhotoMapApplicationTests]: PhotoMapApplicationTests does not declare any static, non-private, non-final, nested classes annotated with @Configuration.
11:34:17.489 [Test worker] INFO org.springframework.boot.test.context.SpringBootTestContextBootstrapper -- Found @SpringBootConfiguration com.codeZero.photoMap.PhotoMapApplication for test class com.codeZero.photoMap.PhotoMapApplicationTests

  .   ____          _            __ _ _
 /\\ / ___'_ __ _ _(_)_ __  __ _ \ \ \ \
( ( )\___ | '_ | '_| | '_ \/ _` | \ \ \ \
 \\/  ___)| |_)| | | | | || (_| |  ) ) ) )
  '  |____| .__|_| |_|_| |_\__, | / / / /
 =========|_|==============|___/=/_/_/_/

?[32m :: Spring Boot :: ?[39m              ?[2m (v3.3.4)?[0;39m

?[2m2024-10-21T11:34:18.351+09:00?[0;39m ?[32m INFO?[0;39m ?[35m125652?[0;39m ?[2m---?[0;39m ?[2m[photoMap] [    Test worker]?[0;39m ?[2m?[0;39m?[36mc.c.photoMap.PhotoMapApplicationTests   ?[0;39m ?[2m:?[0;39m Starting PhotoMapApplicationTests using Java 21.0.4 with PID 125652 (started by dadaa in C:\Users\dadaa\Desktop\project\photomap\photoMap\backend\photoMap)
?[2m2024-10-21T11:34:18.353+09:00?[0;39m ?[32m INFO?[0;39m ?[35m125652?[0;39m ?[2m---?[0;39m ?[2m[photoMap] [    Test worker]?[0;39m ?[2m?[0;39m?[36mc.c.photoMap.PhotoMapApplicationTests   ?[0;39m ?[2m:?[0;39m No active profile set, falling back to 1 default profile: "default"
?[2m2024-10-21T11:34:19.691+09:00?[0;39m ?[32m INFO?[0;39m ?[35m125652?[0;39m ?[2m---?[0;39m ?[2m[photoMap] [    Test worker]?[0;39m ?[2m?[0;39m?[36m.s.d.r.c.RepositoryConfigurationDelegate?[0;39m ?[2m:?[0;39m Bootstrapping Spring Data JPA repositories in DEFAULT mode.
?[2m2024-10-21T11:34:19.731+09:00?[0;39m ?[32m INFO?[0;39m ?[35m125652?[0;39m ?[2m---?[0;39m ?[2m[photoMap] [    Test worker]?[0;39m ?[2m?[0;39m?[36m.s.d.r.c.RepositoryConfigurationDelegate?[0;39m ?[2m:?[0;39m Finished Spring Data repository scanning in 23 ms. Found 0 JPA repository interfaces.
?[2m2024-10-21T11:34:20.656+09:00?[0;39m ?[32m INFO?[0;39m ?[35m125652?[0;39m ?[2m---?[0;39m ?[2m[photoMap] [    Test worker]?[0;39m ?[2m?[0;39m?[36mcom.zaxxer.hikari.HikariDataSource      ?[0;39m ?[2m:?[0;39m HikariPool-1 - Starting...
?[2m2024-10-21T11:34:21.196+09:00?[0;39m ?[32m INFO?[0;39m ?[35m125652?[0;39m ?[2m---?[0;39m ?[2m[photoMap] [    Test worker]?[0;39m ?[2m?[0;39m?[36mcom.zaxxer.hikari.pool.HikariPool       ?[0;39m ?[2m:?[0;39m HikariPool-1 - Added connection conn0: url=jdbc:h2:mem:9b58a2ba-fbbd-40da-bfc3-0a7c15b795f4 user=SA
?[2m2024-10-21T11:34:21.200+09:00?[0;39m ?[32m INFO?[0;39m ?[35m125652?[0;39m ?[2m---?[0;39m ?[2m[photoMap] [    Test worker]?[0;39m ?[2m?[0;39m?[36mcom.zaxxer.hikari.HikariDataSource      ?[0;39m ?[2m:?[0;39m HikariPool-1 - Start completed.
?[2m2024-10-21T11:34:21.313+09:00?[0;39m ?[32m INFO?[0;39m ?[35m125652?[0;39m ?[2m---?[0;39m ?[2m[photoMap] [    Test worker]?[0;39m ?[2m?[0;39m?[36mo.hibernate.jpa.internal.util.LogHelper ?[0;39m ?[2m:?[0;39m HHH000204: Processing PersistenceUnitInfo [name: default]
?[2m2024-10-21T11:34:21.467+09:00?[0;39m ?[32m INFO?[0;39m ?[35m125652?[0;39m ?[2m---?[0;39m ?[2m[photoMap] [    Test worker]?[0;39m ?[2m?[0;39m?[36morg.hibernate.Version                   ?[0;39m ?[2m:?[0;39m HHH000412: Hibernate ORM core version 6.5.3.Final
?[2m2024-10-21T11:34:21.558+09:00?[0;39m ?[32m INFO?[0;39m ?[35m125652?[0;39m ?[2m---?[0;39m ?[2m[photoMap] [    Test worker]?[0;39m ?[2m?[0;39m?[36mo.h.c.internal.RegionFactoryInitiator   ?[0;39m ?[2m:?[0;39m HHH000026: Second-level cache disabled
?[2m2024-10-21T11:34:22.582+09:00?[0;39m ?[32m INFO?[0;39m ?[35m125652?[0;39m ?[2m---?[0;39m ?[2m[photoMap] [    Test worker]?[0;39m ?[2m?[0;39m?[36mo.s.o.j.p.SpringPersistenceUnitInfo     ?[0;39m ?[2m:?[0;39m No LoadTimeWeaver setup: ignoring JPA class transformer
?[2m2024-10-21T11:34:23.462+09:00?[0;39m ?[32m INFO?[0;39m ?[35m125652?[0;39m ?[2m---?[0;39m ?[2m[photoMap] [    Test worker]?[0;39m ?[2m?[0;39m?[36mo.h.e.t.j.p.i.JtaPlatformInitiator      ?[0;39m ?[2m:?[0;39m HHH000489: No JTA platform available (set 'hibernate.transaction.jta.platform' to enable JTA platform integration)
?[2m2024-10-21T11:34:23.473+09:00?[0;39m ?[32m INFO?[0;39m ?[35m125652?[0;39m ?[2m---?[0;39m ?[2m[photoMap] [    Test worker]?[0;39m ?[2m?[0;39m?[36mj.LocalContainerEntityManagerFactoryBean?[0;39m ?[2m:?[0;39m Initialized JPA EntityManagerFactory for persistence unit 'default'
?[2m2024-10-21T11:34:23.781+09:00?[0;39m ?[33m WARN?[0;39m ?[35m125652?[0;39m ?[2m---?[0;39m ?[2m[photoMap] [    Test worker]?[0;39m ?[2m?[0;39m?[36mJpaBaseConfiguration$JpaWebConfiguration?[0;39m ?[2m:?[0;39m spring.jpa.open-in-view is enabled by default. Therefore, database queries may be performed during view rendering. Explicitly configure spring.jpa.open-in-view to disable this warning
?[2m2024-10-21T11:34:24.764+09:00?[0;39m ?[32m INFO?[0;39m ?[35m125652?[0;39m ?[2m---?[0;39m ?[2m[photoMap] [    Test worker]?[0;39m ?[2m?[0;39m?[36mc.c.photoMap.PhotoMapApplicationTests   ?[0;39m ?[2m:?[0;39m Started PhotoMapApplicationTests in 6.883 seconds (process running for 10.049)
]]></system-out>
  <system-err><![CDATA[WARNING: A Java agent has been loaded dynamically (C:\Users\dadaa\.gradle\caches\modules-2\files-2.1\net.bytebuddy\byte-buddy-agent\1.14.19\154da3a65b4f4a909d3e5bdec55d1b2b4cbb6ce1\byte-buddy-agent-1.14.19.jar)
WARNING: If a serviceability tool is in use, please run with -XX:+EnableDynamicAgentLoading to hide this warning
WARNING: If a serviceability tool is not in use, please run with -Djdk.instrument.traceUsage for more information
WARNING: Dynamic loading of agents will be disallowed by default in a future release
]]></system-err>
</testsuite>
